<?xml version="1.0" encoding="UTF-8"?>
<testng-results ignored="0" total="5" passed="5" failed="0" skipped="0">
  <reporter-output>
  </reporter-output>
  <suite started-at="2022-02-15T14:23:43Z" name="Suite" finished-at="2022-02-15T14:23:48Z" duration-ms="4692">
    <groups>
    </groups>
    <test started-at="2022-02-15T14:23:43Z" name="Test" finished-at="2022-02-15T14:23:48Z" duration-ms="4692">
      <class name="com.POM.tests.HomeTest">
        <test-method signature="clickOnFilterButtonForEveryOption()[pri:0, instance:com.POM.tests.HomeTest@e57b96d]" started-at="2022-02-15T14:23:44Z" name="clickOnFilterButtonForEveryOption" finished-at="2022-02-15T14:23:44Z" duration-ms="250" status="PASS">
          <reporter-output>
          </reporter-output>
        </test-method> <!-- clickOnFilterButtonForEveryOption -->
        <test-method signature="verifyHometitle()[pri:0, instance:com.POM.tests.HomeTest@e57b96d]" started-at="2022-02-15T14:23:44Z" name="verifyHometitle" finished-at="2022-02-15T14:23:44Z" duration-ms="107" status="PASS">
          <reporter-output>
          </reporter-output>
        </test-method> <!-- verifyHometitle -->
        <test-method signature="verifyAddToCartTab()[pri:1, instance:com.POM.tests.HomeTest@e57b96d]" started-at="2022-02-15T14:23:44Z" name="verifyAddToCartTab" finished-at="2022-02-15T14:23:48Z" duration-ms="3393" status="PASS">
          <reporter-output>
          </reporter-output>
        </test-method> <!-- verifyAddToCartTab -->
      </class> <!-- com.POM.tests.HomeTest -->
      <class name="com.POM.tests.LoginTest">
        <test-method is-config="true" signature="launch()[pri:0, instance:com.POM.tests.LoginTest@2c07545f]" started-at="2022-02-15T14:23:36Z" name="launch" finished-at="2022-02-15T14:23:43Z" duration-ms="6414" status="PASS">
          <reporter-output>
          </reporter-output>
        </test-method> <!-- launch -->
        <test-method signature="chechTitle()[pri:0, instance:com.POM.tests.LoginTest@2c07545f]" started-at="2022-02-15T14:23:43Z" name="chechTitle" finished-at="2022-02-15T14:23:43Z" duration-ms="62" status="PASS">
          <reporter-output>
          </reporter-output>
        </test-method> <!-- chechTitle -->
        <test-method signature="loginDetail()[pri:0, instance:com.POM.tests.LoginTest@2c07545f]" started-at="2022-02-15T14:23:43Z" name="loginDetail" finished-at="2022-02-15T14:23:44Z" duration-ms="583" status="PASS">
          <reporter-output>
          </reporter-output>
        </test-method> <!-- loginDetail -->
      </class> <!-- com.POM.tests.LoginTest -->
    </test> <!-- Test -->
  </suite> <!-- Suite -->
</testng-results>
