<?xml version="1.0" encoding="UTF-8"?>
<!-- Generated by org.testng.reporters.JUnitXMLReporter -->
<testsuite ignored="0" hostname="MSDT103" failures="0" tests="4" name="Test" time="12.863" errors="0" timestamp="07 Feb 2022 16:05:15 GMT">
  <testcase classname="com.POM.tests.LoginTest" name="chechTitle" time="0.026"/>
  <testcase classname="com.POM.tests.LoginTest" name="forgetpass" time="1.224"/>
  <testcase classname="com.POM.tests.LoginTest" name="loginDetail" time="9.616"/>
  <testcase classname="com.POM.tests.HomeTest" name="clickOnLogOut" time="1.538"/>
</testsuite> <!-- Test -->
