<?xml version="1.0" encoding="UTF-8"?>
<!-- Generated by org.testng.reporters.JUnitXMLReporter -->
<testsuite ignored="0" hostname="MSDT103" failures="0" tests="5" name="Test" time="4.692" errors="0" timestamp="15 Feb 2022 14:23:48 GMT">
  <testcase classname="com.POM.tests.LoginTest" name="chechTitle" time="0.062"/>
  <testcase classname="com.POM.tests.LoginTest" name="loginDetail" time="0.583"/>
  <testcase classname="com.POM.tests.HomeTest" name="clickOnFilterButtonForEveryOption" time="0.25"/>
  <testcase classname="com.POM.tests.HomeTest" name="verifyHometitle" time="0.107"/>
  <testcase classname="com.POM.tests.HomeTest" name="verifyAddToCartTab" time="3.393"/>
</testsuite> <!-- Test -->
