<?xml version="1.0" encoding="UTF-8"?>
<!-- Generated by org.testng.reporters.JUnitXMLReporter -->
<testsuite ignored="2" hostname="MSDT103" failures="1" tests="17" name="Test" time="6.763" errors="0" timestamp="2022-02-18T13:14:51 IST">
  <testcase classname="customer_TestCases.Tc_002_GetSingleCustomer" name="checkContentLength" time="0.013"/>
  <testcase classname="customer_TestCases.Tc_002_GetSingleCustomer" name="checkContentType" time="0.004"/>
  <testcase classname="customer_TestCases.Tc_002_GetSingleCustomer" name="checkResponseBody" time="0.039"/>
  <testcase classname="customer_TestCases.Tc_002_GetSingleCustomer" name="checkResponseTime" time="0.007"/>
  <testcase classname="customer_TestCases.Tc_002_GetSingleCustomer" name="checkServerType" time="0.008"/>
  <testcase classname="customer_TestCases.Tc_002_GetSingleCustomer" name="checkStatusCode" time="0.015"/>
  <testcase classname="customer_TestCases.Tc_002_GetSingleCustomer" name="checkStatusLine" time="0.007"/>
  <testcase classname="customer_TestCases.Tc_001_GetAllCustomer" name="checkContentLength" time="0.004"/>
  <testcase classname="customer_TestCases.Tc_001_GetAllCustomer" name="checkContentType" time="0.005"/>
  <testcase classname="customer_TestCases.Tc_001_GetAllCustomer" name="checkResponseBody" time="0.007"/>
  <testcase classname="customer_TestCases.Tc_001_GetAllCustomer" name="checkResponseTime" time="0.005">
    <failure type="java.lang.AssertionError" message="expected [true] but found [false]">
      <![CDATA[java.lang.AssertionError: expected [true] but found [false]
at customer_TestCases.Tc_001_GetAllCustomer.checkResponseTime(Tc_001_GetAllCustomer.java:67)
at java.base/java.util.ArrayList.forEach(ArrayList.java:1511)
... Removed 31 stack frames]]>
    </failure>
  </testcase> <!-- checkResponseTime -->
  <testcase classname="customer_TestCases.Tc_001_GetAllCustomer" name="checkServerType" time="0.012"/>
  <testcase classname="customer_TestCases.Tc_001_GetAllCustomer" name="checkStatusCode" time="0.004"/>
  <testcase classname="customer_TestCases.Tc_001_GetAllCustomer" name="checkStatusLine" time="0.002"/>
  <testcase classname="customer_TestCases.Tc_003_Add_Customer" name="Create_Customer" time="0.927"/>
  <testcase classname="customer_TestCases.Tc_003_Add_Customer" name="checkResponseTime" time="0.003"/>
  <testcase classname="customer_TestCases.Tc_003_Add_Customer" name="checkStatusCode" time="0.002"/>
  <testcase classname="com.base.TestBase" name="@BeforeSuite Setup" time="0.0">
    <ignored/>
  </testcase> <!-- @BeforeSuite Setup -->
  <testcase classname="com.base.TestBase" name="@BeforeSuite Setup" time="0.0">
    <ignored/>
  </testcase> <!-- @BeforeSuite Setup -->
</testsuite> <!-- Test -->
